<?xml version="1.0" encoding="UTF-8"?>
<testng-results ignored="0" total="4" passed="4" failed="0" skipped="0">
  <reporter-output>
  </reporter-output>
  <suite started-at="2024-12-06T13:06:07 IST" name="Flight Booking Service Testing" finished-at="2024-12-06T13:07:02 IST" duration-ms="54605">
    <groups>
    </groups>
    <test started-at="2024-12-06T13:06:07 IST" name="TestCases" finished-at="2024-12-06T13:07:02 IST" duration-ms="54605">
      <class name="TestCases.LoginTest">
        <test-method is-config="true" signature="launchApp()[pri:0, instance:TestCases.LoginTest@692f203f]" started-at="2024-12-06T13:06:03 IST" name="launchApp" finished-at="2024-12-06T13:06:07 IST" duration-ms="4038" status="PASS">
          <reporter-output>
          </reporter-output>
        </test-method> <!-- launchApp -->
        <test-method is-config="true" signature="login(java.lang.String,java.lang.String)[pri:0, instance:TestCases.LoginTest@692f203f]" started-at="2024-12-06T13:06:07 IST" name="login" finished-at="2024-12-06T13:06:11 IST" duration-ms="3998" status="PASS">
          <params>
            <param index="0">
              <value>
                <![CDATA[interia@email.com]]>
              </value>
            </param>
            <param index="1">
              <value>
                <![CDATA[Dsop@123]]>
              </value>
            </param>
          </params>
          <reporter-output>
          </reporter-output>
        </test-method> <!-- login -->
        <test-method signature="verifyLoginPage()[pri:0, instance:TestCases.LoginTest@692f203f]" started-at="2024-12-06T13:06:11 IST" name="verifyLoginPage" finished-at="2024-12-06T13:06:12 IST" duration-ms="82" status="PASS">
          <reporter-output>
          </reporter-output>
        </test-method> <!-- verifyLoginPage -->
        <test-method is-config="true" signature="logout()[pri:0, instance:TestCases.LoginTest@692f203f]" started-at="2024-12-06T13:06:12 IST" name="logout" finished-at="2024-12-06T13:06:14 IST" duration-ms="2854" status="PASS">
          <reporter-output>
          </reporter-output>
        </test-method> <!-- logout -->
        <test-method is-config="true" signature="closeApp()[pri:0, instance:TestCases.LoginTest@692f203f]" started-at="2024-12-06T13:07:02 IST" name="closeApp" finished-at="2024-12-06T13:07:02 IST" duration-ms="171" status="PASS">
          <reporter-output>
          </reporter-output>
        </test-method> <!-- closeApp -->
      </class> <!-- TestCases.LoginTest -->
      <class name="TestCases.FlightDateTest">
        <test-method is-config="true" signature="login(java.lang.String,java.lang.String)[pri:0, instance:TestCases.FlightDateTest@235834f2]" started-at="2024-12-06T13:06:14 IST" name="login" finished-at="2024-12-06T13:06:17 IST" duration-ms="2783" status="PASS">
          <params>
            <param index="0">
              <value>
                <![CDATA[interia@email.com]]>
              </value>
            </param>
            <param index="1">
              <value>
                <![CDATA[Dsop@123]]>
              </value>
            </param>
          </params>
          <reporter-output>
          </reporter-output>
        </test-method> <!-- login -->
        <test-method signature="enterFlightDate(java.lang.String,java.lang.String,java.lang.String)[pri:0, instance:TestCases.FlightDateTest@235834f2]" started-at="2024-12-06T13:06:17 IST" name="enterFlightDate" finished-at="2024-12-06T13:06:22 IST" duration-ms="4899" status="PASS">
          <params>
            <param index="0">
              <value>
                <![CDATA[December]]>
              </value>
            </param>
            <param index="1">
              <value>
                <![CDATA[2024]]>
              </value>
            </param>
            <param index="2">
              <value>
                <![CDATA[21]]>
              </value>
            </param>
          </params>
          <reporter-output>
          </reporter-output>
        </test-method> <!-- enterFlightDate -->
        <test-method is-config="true" signature="logout()[pri:0, instance:TestCases.FlightDateTest@235834f2]" started-at="2024-12-06T13:06:22 IST" name="logout" finished-at="2024-12-06T13:06:25 IST" duration-ms="2986" status="PASS">
          <reporter-output>
          </reporter-output>
        </test-method> <!-- logout -->
      </class> <!-- TestCases.FlightDateTest -->
      <class name="TestCases.BookFlightTest">
        <test-method is-config="true" signature="login(java.lang.String,java.lang.String)[pri:0, instance:TestCases.BookFlightTest@4218d6a3]" started-at="2024-12-06T13:06:38 IST" name="login" finished-at="2024-12-06T13:06:41 IST" duration-ms="2853" status="PASS">
          <params>
            <param index="0">
              <value>
                <![CDATA[interia@email.com]]>
              </value>
            </param>
            <param index="1">
              <value>
                <![CDATA[Dsop@123]]>
              </value>
            </param>
          </params>
          <reporter-output>
          </reporter-output>
        </test-method> <!-- login -->
        <test-method signature="insertOrder(java.lang.String,java.lang.String,java.lang.String,java.lang.String,java.lang.String,java.lang.String,java.lang.String,java.lang.String,java.lang.String)[pri:0, instance:TestCases.BookFlightTest@4218d6a3]" started-at="2024-12-06T13:06:41 IST" name="insertOrder" finished-at="2024-12-06T13:06:59 IST" duration-ms="17992" status="PASS">
          <params>
            <param index="0">
              <value>
                <![CDATA[December]]>
              </value>
            </param>
            <param index="1">
              <value>
                <![CDATA[2024]]>
              </value>
            </param>
            <param index="2">
              <value>
                <![CDATA[21]]>
              </value>
            </param>
            <param index="3">
              <value>
                <![CDATA[Hyderabad]]>
              </value>
            </param>
            <param index="4">
              <value>
                <![CDATA[Kolkatha]]>
              </value>
            </param>
            <param index="5">
              <value>
                <![CDATA[King Fisher Airlines]]>
              </value>
            </param>
            <param index="6">
              <value>
                <![CDATA[Sridhar Parutabad]]>
              </value>
            </param>
            <param index="7">
              <value>
                <![CDATA[Business]]>
              </value>
            </param>
            <param index="8">
              <value>
                <![CDATA[2]]>
              </value>
            </param>
          </params>
          <reporter-output>
          </reporter-output>
        </test-method> <!-- insertOrder -->
        <test-method is-config="true" signature="logout()[pri:0, instance:TestCases.BookFlightTest@4218d6a3]" started-at="2024-12-06T13:06:59 IST" name="logout" finished-at="2024-12-06T13:07:02 IST" duration-ms="2887" status="PASS">
          <reporter-output>
          </reporter-output>
        </test-method> <!-- logout -->
      </class> <!-- TestCases.BookFlightTest -->
      <class name="TestCases.SelectFlightRouteTest">
        <test-method is-config="true" signature="login(java.lang.String,java.lang.String)[pri:0, instance:TestCases.SelectFlightRouteTest@5656be13]" started-at="2024-12-06T13:06:25 IST" name="login" finished-at="2024-12-06T13:06:28 IST" duration-ms="2964" status="PASS">
          <params>
            <param index="0">
              <value>
                <![CDATA[interia@email.com]]>
              </value>
            </param>
            <param index="1">
              <value>
                <![CDATA[Dsop@123]]>
              </value>
            </param>
          </params>
          <reporter-output>
          </reporter-output>
        </test-method> <!-- login -->
        <test-method signature="FlightRoute(java.lang.String,java.lang.String,java.lang.String,java.lang.String,java.lang.String,java.lang.String)[pri:0, instance:TestCases.SelectFlightRouteTest@5656be13]" started-at="2024-12-06T13:06:28 IST" name="FlightRoute" finished-at="2024-12-06T13:06:35 IST" duration-ms="7304" status="PASS">
          <params>
            <param index="0">
              <value>
                <![CDATA[December]]>
              </value>
            </param>
            <param index="1">
              <value>
                <![CDATA[2024]]>
              </value>
            </param>
            <param index="2">
              <value>
                <![CDATA[21]]>
              </value>
            </param>
            <param index="3">
              <value>
                <![CDATA[Hyderabad]]>
              </value>
            </param>
            <param index="4">
              <value>
                <![CDATA[Kolkatha]]>
              </value>
            </param>
            <param index="5">
              <value>
                <![CDATA[King Fisher Airlines]]>
              </value>
            </param>
          </params>
          <reporter-output>
          </reporter-output>
        </test-method> <!-- FlightRoute -->
        <test-method is-config="true" signature="logout()[pri:0, instance:TestCases.SelectFlightRouteTest@5656be13]" started-at="2024-12-06T13:06:35 IST" name="logout" finished-at="2024-12-06T13:06:38 IST" duration-ms="2950" status="PASS">
          <reporter-output>
          </reporter-output>
        </test-method> <!-- logout -->
      </class> <!-- TestCases.SelectFlightRouteTest -->
    </test> <!-- TestCases -->
  </suite> <!-- Flight Booking Service Testing -->
</testng-results>
