<?xml version="1.0" encoding="UTF-8"?>
<!-- Generated by org.testng.reporters.JUnitXMLReporter -->
<testsuite ignored="4" hostname="DESKTOP-05KTQHD" failures="0" tests="3" name="LoginTestCase" time="26.256" errors="0" timestamp="2024-12-05T16:59:01 IST">
  <testcase classname="TestCases.LoginTest" name="verifyLoginPage" time="0.092"/>
  <testcase classname="TestCases.FlightDateTest" name="enterFlightDate" time="4.882"/>
  <testcase classname="TestCases.SelectSourceAndDestinationPlaceTest" name="FlightRoute" time="2.29"/>
  <testcase classname="Utility.AppUtils" name="@BeforeSuite launchApp" time="0.0">
    <ignored/>
  </testcase> <!-- @BeforeSuite launchApp -->
  <testcase classname="Utility.AppUtils" name="@BeforeSuite launchApp" time="0.0">
    <ignored/>
  </testcase> <!-- @BeforeSuite launchApp -->
  <testcase classname="Utility.AppUtils" name="@AfterSuite closeApp" time="0.0">
    <ignored/>
  </testcase> <!-- @AfterSuite closeApp -->
  <testcase classname="Utility.AppUtils" name="@AfterSuite closeApp" time="0.0">
    <ignored/>
  </testcase> <!-- @AfterSuite closeApp -->
</testsuite> <!-- LoginTestCase -->
