<?xml version="1.0" encoding="UTF-8"?>
<!-- Generated by org.testng.reporters.JUnitXMLReporter -->
<testsuite ignored="6" hostname="DESKTOP-05KTQHD" failures="0" tests="4" name="TestCases" time="54.605" errors="0" timestamp="2024-12-06T13:07:02 IST">
  <testcase classname="TestCases.LoginTest" name="verifyLoginPage" time="0.082"/>
  <testcase classname="TestCases.FlightDateTest" name="enterFlightDate" time="4.899"/>
  <testcase classname="TestCases.SelectFlightRouteTest" name="FlightRoute" time="7.304"/>
  <testcase classname="TestCases.BookFlightTest" name="insertOrder" time="17.992"/>
  <testcase classname="Utility.AppUtils" name="@BeforeSuite launchApp" time="0.0">
    <ignored/>
  </testcase> <!-- @BeforeSuite launchApp -->
  <testcase classname="Utility.AppUtils" name="@BeforeSuite launchApp" time="0.0">
    <ignored/>
  </testcase> <!-- @BeforeSuite launchApp -->
  <testcase classname="Utility.AppUtils" name="@BeforeSuite launchApp" time="0.0">
    <ignored/>
  </testcase> <!-- @BeforeSuite launchApp -->
  <testcase classname="Utility.AppUtils" name="@AfterSuite closeApp" time="0.0">
    <ignored/>
  </testcase> <!-- @AfterSuite closeApp -->
  <testcase classname="Utility.AppUtils" name="@AfterSuite closeApp" time="0.0">
    <ignored/>
  </testcase> <!-- @AfterSuite closeApp -->
  <testcase classname="Utility.AppUtils" name="@AfterSuite closeApp" time="0.0">
    <ignored/>
  </testcase> <!-- @AfterSuite closeApp -->
</testsuite> <!-- TestCases -->
